Added Component: Designator=BAT1(BATM)
Added Component: Designator=C1(0805)
Added Component: Designator=C2(0805)
Added Component: Designator=C3(0805)
Added Component: Designator=C4(0805)
Added Component: Designator=C5(0805)
Added Component: Designator=C6(0805)
Added Component: Designator=C7(0805)
Added Component: Designator=C8(0805)
Added Component: Designator=C9(0805)
Added Component: Designator=C10(0805)
Added Component: Designator=C11(0805)
Added Component: Designator=C12(0805)
Added Component: Designator=C13(0805)
Added Component: Designator=C14(0805)
Added Component: Designator=C15(CASE-3216A)
Added Component: Designator=C16(RVT 22UF 25V)
Added Component: Designator=C17(CC8*10.5)
Added Component: Designator=C18(0805)
Added Component: Designator=C19(CC8*10.5)
Added Component: Designator=C20(0805)
Added Component: Designator=C21(0805)
Added Component: Designator=C22(0805)
Added Component: Designator=C23(0805)
Added Component: Designator=C24(0805)
Added Component: Designator=C25(0805)
Added Component: Designator=C26(0805)
Added Component: Designator=C27(0805)
Added Component: Designator=C28(0805)
Added Component: Designator=C29(CC8*10.5)
Added Component: Designator=C30(0805)
Added Component: Designator=C31(rvt 100uf /25V)
Added Component: Designator=C32(0805)
Added Component: Designator=C33(0805)
Added Component: Designator=C34(0805)
Added Component: Designator=C35(0805)
Added Component: Designator=C36(0805)
Added Component: Designator=C37(0805)
Added Component: Designator=C38(0805)
Added Component: Designator=C39(0805)
Added Component: Designator=C40(0805)
Added Component: Designator=C41(0805)
Added Component: Designator=C42(0805)
Added Component: Designator=C43(0805)
Added Component: Designator=C44(0805)
Added Component: Designator=C45(RAD-0.3)
Added Component: Designator=C46(rvt 100uf /25V)
Added Component: Designator=C47(0805)
Added Component: Designator=D1(DIODE_SOP)
Added Component: Designator=D2(DIODE_SOP)
Added Component: Designator=D3(DIODE_SOP)
Added Component: Designator=D4(LC-DO-41)
Added Component: Designator=D5(SMDLED)
Added Component: Designator=D6(SMDLED)
Added Component: Designator=D7(SMDLED)
Added Component: Designator=D8(SMDLED)
Added Component: Designator=D11(LC-DO-41)
Added Component: Designator=D12(1n5822)
Added Component: Designator=DS1(SMDLED)
Added Component: Designator=DS2(SMDLED)
Added Component: Designator=JTAG(JTAG_20)
Added Component: Designator=JUMP1(HDR1X2)
Added Component: Designator=K2(HDR1X2)
Added Component: Designator=KEY0(KEY_M)
Added Component: Designator=KEY1(KEY_M)
Added Component: Designator=L1(100UH)
Added Component: Designator=LCD(DB2*17-3.5)
Added Component: Designator=LM2(LM2596S-5.0)
Added Component: Designator=P2(3SPI)
Added Component: Designator=P3(2SPI)
Added Component: Designator=P4(HDR2X8)
Added Component: Designator=p6(LC-TO-92(TO-92-3))
Added Component: Designator=P7(LC-TO-92(TO-92-3))
Added Component: Designator=P8(LC-TO-92(TO-92-3))
Added Component: Designator=P9(LC-SOT-143)
Added Component: Designator=P10(2SPI)
Added Component: Designator=P11(2SPI)
Added Component: Designator=Q1(SOT-23R)
Added Component: Designator=Q2(SOT-23R)
Added Component: Designator=R1(0805)
Added Component: Designator=R2(0805)
Added Component: Designator=R3(0805)
Added Component: Designator=R4(0805)
Added Component: Designator=R5(0805)
Added Component: Designator=R6(0805)
Added Component: Designator=R7(0805)
Added Component: Designator=R8(0805)
Added Component: Designator=R9(0805)
Added Component: Designator=R10(0805)
Added Component: Designator=R11(0805)
Added Component: Designator=R12(0805)
Added Component: Designator=R13(0805)
Added Component: Designator=R14(0805)
Added Component: Designator=R15(0805)
Added Component: Designator=R16(0805)
Added Component: Designator=R17(0805)
Added Component: Designator=R18(0805)
Added Component: Designator=R19(0805)
Added Component: Designator=R20(0805)
Added Component: Designator=R23(0805)
Added Component: Designator=R24(0805)
Added Component: Designator=R25(0805)
Added Component: Designator=R26(0805)
Added Component: Designator=R27(0805)
Added Component: Designator=R28(0805)
Added Component: Designator=R29(0805)
Added Component: Designator=R30(0805)
Added Component: Designator=R31(0805)
Added Component: Designator=R32(0805)
Added Component: Designator=R33(0805)
Added Component: Designator=R34(0805)
Added Component: Designator=R35(0805)
Added Component: Designator=R36(0805)
Added Component: Designator=R37(0805)
Added Component: Designator=R38(0805)
Added Component: Designator=R39(0805)
Added Component: Designator=R41(0805)
Added Component: Designator=R42(0805)
Added Component: Designator=R43(0805)
Added Component: Designator=RESET(KEY_M)
Added Component: Designator=U1(LQFP144)
Added Component: Designator=U2(LC-MSOP-8)
Added Component: Designator=U3(LC-DIP-14)
Added Component: Designator=U4(TSOP44)
Added Component: Designator=U5(LC-SOT-223)
Added Component: Designator=U6(USR-WIFI232)
Added Component: Designator=U7(SOP-8)
Added Component: Designator=U8(SOP16M)
Added Component: Designator=U9(LC-SOIC-8_150mil)
Added Component: Designator=U10(LC-SOIC-8_150mil)
Added Component: Designator=USB_232(USB/SM0.8-6H5)
Added Component: Designator=VR1(503)
Added Component: Designator=VR2(503)
Added Component: Designator=VR3(503)
Added Component: Designator=VR4(503)
Added Component: Designator=Y1(XTAL_US)
Added Component: Designator=Y2(XTAL_US)
Added Component: Designator=Y?(XTAL_US)
Added Pin To Net: NetName=24V Pin=C17-A
Added Pin To Net: NetName=24V Pin=C18-2
Added Pin To Net: NetName=24V Pin=C19-A
Added Pin To Net: NetName=24V Pin=C20-2
Added Pin To Net: NetName=24V Pin=C29-A
Added Pin To Net: NetName=24V Pin=C30-1
Added Pin To Net: NetName=24V Pin=K2-1
Added Pin To Net: NetName=24V Pin=LM2-1
Added Pin To Net: NetName=24V Pin=P10-1
Added Pin To Net: NetName=24V Pin=P11-2
Added Net: Name=24V
Added Pin To Net: NetName=BOOT0 Pin=R4-1
Added Pin To Net: NetName=BOOT0 Pin=R5-1
Added Pin To Net: NetName=BOOT0 Pin=U1-138
Added Net: Name=BOOT0
Added Pin To Net: NetName=BOOT1 Pin=LCD-29
Added Pin To Net: NetName=BOOT1 Pin=R6-1
Added Pin To Net: NetName=BOOT1 Pin=U1-48
Added Net: Name=BOOT1
Added Pin To Net: NetName=CH340 D+ Pin=U8-5
Added Pin To Net: NetName=CH340 D+ Pin=USB_232-2
Added Net: Name=CH340 D+
Added Pin To Net: NetName=CH340 D- Pin=U8-6
Added Pin To Net: NetName=CH340 D- Pin=USB_232-3
Added Net: Name=CH340 D-
Added Pin To Net: NetName=FSMC A0 Pin=U1-10
Added Pin To Net: NetName=FSMC A0 Pin=U4-24
Added Net: Name=FSMC A0
Added Pin To Net: NetName=FSMC A1 Pin=U1-11
Added Pin To Net: NetName=FSMC A1 Pin=U4-1
Added Net: Name=FSMC A1
Added Pin To Net: NetName=FSMC A2 Pin=U1-12
Added Pin To Net: NetName=FSMC A2 Pin=U4-2
Added Net: Name=FSMC A2
Added Pin To Net: NetName=FSMC A3 Pin=U1-13
Added Pin To Net: NetName=FSMC A3 Pin=U4-3
Added Net: Name=FSMC A3
Added Pin To Net: NetName=FSMC A4 Pin=U1-14
Added Pin To Net: NetName=FSMC A4 Pin=U4-4
Added Net: Name=FSMC A4
Added Pin To Net: NetName=FSMC A5 Pin=U1-15
Added Pin To Net: NetName=FSMC A5 Pin=U4-5
Added Net: Name=FSMC A5
Added Pin To Net: NetName=FSMC A6 Pin=U1-50
Added Pin To Net: NetName=FSMC A6 Pin=U4-23
Added Net: Name=FSMC A6
Added Pin To Net: NetName=FSMC A7 Pin=U1-53
Added Pin To Net: NetName=FSMC A7 Pin=U4-22
Added Net: Name=FSMC A7
Added Pin To Net: NetName=FSMC A8 Pin=U1-54
Added Pin To Net: NetName=FSMC A8 Pin=U4-21
Added Net: Name=FSMC A8
Added Pin To Net: NetName=FSMC A9 Pin=U1-55
Added Pin To Net: NetName=FSMC A9 Pin=U4-20
Added Net: Name=FSMC A9
Added Pin To Net: NetName=FSMC A10 Pin=LCD-2
Added Pin To Net: NetName=FSMC A10 Pin=U1-56
Added Pin To Net: NetName=FSMC A10 Pin=U4-19
Added Net: Name=FSMC A10
Added Pin To Net: NetName=FSMC A11 Pin=U1-57
Added Pin To Net: NetName=FSMC A11 Pin=U4-18
Added Net: Name=FSMC A11
Added Pin To Net: NetName=FSMC A12 Pin=U1-87
Added Pin To Net: NetName=FSMC A12 Pin=U4-28
Added Net: Name=FSMC A12
Added Pin To Net: NetName=FSMC A13 Pin=U1-88
Added Pin To Net: NetName=FSMC A13 Pin=U4-27
Added Net: Name=FSMC A13
Added Pin To Net: NetName=FSMC A14 Pin=U1-89
Added Pin To Net: NetName=FSMC A14 Pin=U4-26
Added Net: Name=FSMC A14
Added Pin To Net: NetName=FSMC A15 Pin=U1-90
Added Pin To Net: NetName=FSMC A15 Pin=U4-25
Added Net: Name=FSMC A15
Added Pin To Net: NetName=FSMC A16 Pin=U1-80
Added Pin To Net: NetName=FSMC A16 Pin=U4-42
Added Net: Name=FSMC A16
Added Pin To Net: NetName=FSMC A17 Pin=U1-81
Added Pin To Net: NetName=FSMC A17 Pin=U4-43
Added Net: Name=FSMC A17
Added Pin To Net: NetName=FSMC A18 Pin=U1-82
Added Pin To Net: NetName=FSMC A18 Pin=U4-44
Added Net: Name=FSMC A18
Added Pin To Net: NetName=FSMC D0 Pin=LCD-6
Added Pin To Net: NetName=FSMC D0 Pin=U1-85
Added Pin To Net: NetName=FSMC D0 Pin=U4-7
Added Net: Name=FSMC D0
Added Pin To Net: NetName=FSMC D1 Pin=LCD-7
Added Pin To Net: NetName=FSMC D1 Pin=U1-86
Added Pin To Net: NetName=FSMC D1 Pin=U4-8
Added Net: Name=FSMC D1
Added Pin To Net: NetName=FSMC D2 Pin=LCD-8
Added Pin To Net: NetName=FSMC D2 Pin=U1-114
Added Pin To Net: NetName=FSMC D2 Pin=U4-9
Added Net: Name=FSMC D2
Added Pin To Net: NetName=FSMC D3 Pin=LCD-9
Added Pin To Net: NetName=FSMC D3 Pin=U1-115
Added Pin To Net: NetName=FSMC D3 Pin=U4-10
Added Net: Name=FSMC D3
Added Pin To Net: NetName=FSMC D4 Pin=LCD-10
Added Pin To Net: NetName=FSMC D4 Pin=U1-58
Added Pin To Net: NetName=FSMC D4 Pin=U4-13
Added Net: Name=FSMC D4
Added Pin To Net: NetName=FSMC D5 Pin=LCD-11
Added Pin To Net: NetName=FSMC D5 Pin=U1-59
Added Pin To Net: NetName=FSMC D5 Pin=U4-14
Added Net: Name=FSMC D5
Added Pin To Net: NetName=FSMC D6 Pin=LCD-12
Added Pin To Net: NetName=FSMC D6 Pin=U1-60
Added Pin To Net: NetName=FSMC D6 Pin=U4-15
Added Net: Name=FSMC D6
Added Pin To Net: NetName=FSMC D7 Pin=LCD-13
Added Pin To Net: NetName=FSMC D7 Pin=U1-63
Added Pin To Net: NetName=FSMC D7 Pin=U4-16
Added Net: Name=FSMC D7
Added Pin To Net: NetName=FSMC D8 Pin=LCD-14
Added Pin To Net: NetName=FSMC D8 Pin=U1-64
Added Pin To Net: NetName=FSMC D8 Pin=U4-29
Added Net: Name=FSMC D8
Added Pin To Net: NetName=FSMC D9 Pin=LCD-15
Added Pin To Net: NetName=FSMC D9 Pin=U1-65
Added Pin To Net: NetName=FSMC D9 Pin=U4-30
Added Net: Name=FSMC D9
Added Pin To Net: NetName=FSMC D10 Pin=LCD-16
Added Pin To Net: NetName=FSMC D10 Pin=U1-66
Added Pin To Net: NetName=FSMC D10 Pin=U4-31
Added Net: Name=FSMC D10
Added Pin To Net: NetName=FSMC D11 Pin=LCD-17
Added Pin To Net: NetName=FSMC D11 Pin=U1-67
Added Pin To Net: NetName=FSMC D11 Pin=U4-32
Added Net: Name=FSMC D11
Added Pin To Net: NetName=FSMC D12 Pin=LCD-18
Added Pin To Net: NetName=FSMC D12 Pin=U1-68
Added Pin To Net: NetName=FSMC D12 Pin=U4-35
Added Net: Name=FSMC D12
Added Pin To Net: NetName=FSMC D13 Pin=LCD-19
Added Pin To Net: NetName=FSMC D13 Pin=U1-77
Added Pin To Net: NetName=FSMC D13 Pin=U4-36
Added Net: Name=FSMC D13
Added Pin To Net: NetName=FSMC D14 Pin=LCD-20
Added Pin To Net: NetName=FSMC D14 Pin=U1-78
Added Pin To Net: NetName=FSMC D14 Pin=U4-37
Added Net: Name=FSMC D14
Added Pin To Net: NetName=FSMC D15 Pin=LCD-21
Added Pin To Net: NetName=FSMC D15 Pin=U1-79
Added Pin To Net: NetName=FSMC D15 Pin=U4-38
Added Net: Name=FSMC D15
Added Pin To Net: NetName=FSMC NBL0 Pin=U1-141
Added Pin To Net: NetName=FSMC NBL0 Pin=U4-39
Added Net: Name=FSMC NBL0
Added Pin To Net: NetName=FSMC NBL1 Pin=U1-142
Added Pin To Net: NetName=FSMC NBL1 Pin=U4-40
Added Net: Name=FSMC NBL1
Added Pin To Net: NetName=FSMC NE3 Pin=R15-1
Added Pin To Net: NetName=FSMC NE3 Pin=U4-6
Added Net: Name=FSMC NE3
Added Pin To Net: NetName=FSMC NE4 Pin=LCD-1
Added Pin To Net: NetName=FSMC NE4 Pin=U1-127
Added Net: Name=FSMC NE4
Added Pin To Net: NetName=FSMC NOE Pin=LCD-4
Added Pin To Net: NetName=FSMC NOE Pin=U1-118
Added Pin To Net: NetName=FSMC NOE Pin=U4-41
Added Net: Name=FSMC NOE
Added Pin To Net: NetName=FSMC NWE Pin=LCD-3
Added Pin To Net: NetName=FSMC NWE Pin=U1-119
Added Pin To Net: NetName=FSMC NWE Pin=U4-17
Added Net: Name=FSMC NWE
Added Pin To Net: NetName=GATE Pin=P9-3
Added Pin To Net: NetName=GATE Pin=U9-2
Added Pin To Net: NetName=GATE Pin=U9-4
Added Pin To Net: NetName=GATE Pin=U10-2
Added Pin To Net: NetName=GATE Pin=U10-4
Added Net: Name=GATE
Added Pin To Net: NetName=GND Pin=BAT1-2
Added Pin To Net: NetName=GND Pin=C1-1
Added Pin To Net: NetName=GND Pin=C2-1
Added Pin To Net: NetName=GND Pin=C3-2
Added Pin To Net: NetName=GND Pin=C4-1
Added Pin To Net: NetName=GND Pin=C5-1
Added Pin To Net: NetName=GND Pin=C6-2
Added Pin To Net: NetName=GND Pin=C7-1
Added Pin To Net: NetName=GND Pin=C8-2
Added Pin To Net: NetName=GND Pin=C9-1
Added Pin To Net: NetName=GND Pin=C10-1
Added Pin To Net: NetName=GND Pin=C11-1
Added Pin To Net: NetName=GND Pin=C12-1
Added Pin To Net: NetName=GND Pin=C13-1
Added Pin To Net: NetName=GND Pin=C14-1
Added Pin To Net: NetName=GND Pin=C15-K
Added Pin To Net: NetName=GND Pin=C16-K
Added Pin To Net: NetName=GND Pin=C17-K
Added Pin To Net: NetName=GND Pin=C18-1
Added Pin To Net: NetName=GND Pin=C19-K
Added Pin To Net: NetName=GND Pin=C20-1
Added Pin To Net: NetName=GND Pin=C21-2
Added Pin To Net: NetName=GND Pin=C22-2
Added Pin To Net: NetName=GND Pin=C23-1
Added Pin To Net: NetName=GND Pin=C24-1
Added Pin To Net: NetName=GND Pin=C25-2
Added Pin To Net: NetName=GND Pin=C26-1
Added Pin To Net: NetName=GND Pin=C27-2
Added Pin To Net: NetName=GND Pin=C28-1
Added Pin To Net: NetName=GND Pin=C29-K
Added Pin To Net: NetName=GND Pin=C30-2
Added Pin To Net: NetName=GND Pin=C31-K
Added Pin To Net: NetName=GND Pin=C32-2
Added Pin To Net: NetName=GND Pin=C33-1
Added Pin To Net: NetName=GND Pin=C34-1
Added Pin To Net: NetName=GND Pin=C35-1
Added Pin To Net: NetName=GND Pin=C36-1
Added Pin To Net: NetName=GND Pin=C37-1
Added Pin To Net: NetName=GND Pin=C38-1
Added Pin To Net: NetName=GND Pin=C39-1
Added Pin To Net: NetName=GND Pin=C40-1
Added Pin To Net: NetName=GND Pin=C41-1
Added Pin To Net: NetName=GND Pin=C42-1
Added Pin To Net: NetName=GND Pin=C43-1
Added Pin To Net: NetName=GND Pin=C44-1
Added Pin To Net: NetName=GND Pin=C45-1
Added Pin To Net: NetName=GND Pin=C46-K
Added Pin To Net: NetName=GND Pin=C47-1
Added Pin To Net: NetName=GND Pin=D4-A
Added Pin To Net: NetName=GND Pin=D11-A
Added Pin To Net: NetName=GND Pin=D12-A
Added Pin To Net: NetName=GND Pin=DS2-K
Added Pin To Net: NetName=GND Pin=JTAG-4
Added Pin To Net: NetName=GND Pin=JTAG-6
Added Pin To Net: NetName=GND Pin=JTAG-8
Added Pin To Net: NetName=GND Pin=JTAG-10
Added Pin To Net: NetName=GND Pin=JTAG-12
Added Pin To Net: NetName=GND Pin=JTAG-14
Added Pin To Net: NetName=GND Pin=JTAG-16
Added Pin To Net: NetName=GND Pin=JTAG-18
Added Pin To Net: NetName=GND Pin=JTAG-20
Added Pin To Net: NetName=GND Pin=JUMP1-2
Added Pin To Net: NetName=GND Pin=KEY0-1
Added Pin To Net: NetName=GND Pin=KEY0-1
Added Pin To Net: NetName=GND Pin=KEY1-1
Added Pin To Net: NetName=GND Pin=KEY1-1
Added Pin To Net: NetName=GND Pin=LCD-22
Added Pin To Net: NetName=GND Pin=LCD-26
Added Pin To Net: NetName=GND Pin=LCD-27
Added Pin To Net: NetName=GND Pin=LM2-3
Added Pin To Net: NetName=GND Pin=LM2-3
Added Pin To Net: NetName=GND Pin=LM2-5
Added Pin To Net: NetName=GND Pin=P2-1
Added Pin To Net: NetName=GND Pin=P4-1
Added Pin To Net: NetName=GND Pin=P9-1
Added Pin To Net: NetName=GND Pin=P11-1
Added Pin To Net: NetName=GND Pin=R5-2
Added Pin To Net: NetName=GND Pin=R6-2
Added Pin To Net: NetName=GND Pin=R10-1
Added Pin To Net: NetName=GND Pin=R16-2
Added Pin To Net: NetName=GND Pin=R27-1
Added Pin To Net: NetName=GND Pin=R34-2
Added Pin To Net: NetName=GND Pin=R37-1
Added Pin To Net: NetName=GND Pin=RESET-2
Added Pin To Net: NetName=GND Pin=RESET-2
Added Pin To Net: NetName=GND Pin=U1-16
Added Pin To Net: NetName=GND Pin=U1-30
Added Pin To Net: NetName=GND Pin=U1-31
Added Pin To Net: NetName=GND Pin=U1-38
Added Pin To Net: NetName=GND Pin=U1-51
Added Pin To Net: NetName=GND Pin=U1-61
Added Pin To Net: NetName=GND Pin=U1-71
Added Pin To Net: NetName=GND Pin=U1-83
Added Pin To Net: NetName=GND Pin=U1-94
Added Pin To Net: NetName=GND Pin=U1-107
Added Pin To Net: NetName=GND Pin=U1-120
Added Pin To Net: NetName=GND Pin=U1-130
Added Pin To Net: NetName=GND Pin=U1-143
Added Pin To Net: NetName=GND Pin=U2-4
Added Pin To Net: NetName=GND Pin=U3-11
Added Pin To Net: NetName=GND Pin=U4-12
Added Pin To Net: NetName=GND Pin=U4-34
Added Pin To Net: NetName=GND Pin=U5-1
Added Pin To Net: NetName=GND Pin=U6-1
Added Pin To Net: NetName=GND Pin=U7-1
Added Pin To Net: NetName=GND Pin=U7-2
Added Pin To Net: NetName=GND Pin=U7-3
Added Pin To Net: NetName=GND Pin=U7-4
Added Pin To Net: NetName=GND Pin=U7-7
Added Pin To Net: NetName=GND Pin=U8-1
Added Pin To Net: NetName=GND Pin=U9-1
Added Pin To Net: NetName=GND Pin=U9-3
Added Pin To Net: NetName=GND Pin=U10-1
Added Pin To Net: NetName=GND Pin=U10-3
Added Pin To Net: NetName=GND Pin=USB_232-5
Added Pin To Net: NetName=GND Pin=VR1-2
Added Pin To Net: NetName=GND Pin=VR3-2
Added Pin To Net: NetName=GND Pin=VR4-2
Added Net: Name=GND
Added Pin To Net: NetName=IIC_SCL Pin=R41-1
Added Pin To Net: NetName=IIC_SCL Pin=U7-6
Added Net: Name=IIC_SCL
Added Pin To Net: NetName=IIC_SDA Pin=R42-1
Added Pin To Net: NetName=IIC_SDA Pin=U7-5
Added Net: Name=IIC_SDA
Added Pin To Net: NetName=JTCK Pin=JTAG-9
Added Pin To Net: NetName=JTCK Pin=R10-2
Added Pin To Net: NetName=JTCK Pin=U1-109
Added Net: Name=JTCK
Added Pin To Net: NetName=JTDI Pin=JTAG-5
Added Pin To Net: NetName=JTDI Pin=R8-2
Added Pin To Net: NetName=JTDI Pin=U1-110
Added Net: Name=JTDI
Added Pin To Net: NetName=JTDO Pin=JTAG-13
Added Pin To Net: NetName=JTDO Pin=R11-2
Added Pin To Net: NetName=JTDO Pin=U1-133
Added Net: Name=JTDO
Added Pin To Net: NetName=JTMS Pin=JTAG-7
Added Pin To Net: NetName=JTMS Pin=R9-2
Added Pin To Net: NetName=JTMS Pin=U1-105
Added Net: Name=JTMS
Added Pin To Net: NetName=JTRST Pin=JTAG-3
Added Pin To Net: NetName=JTRST Pin=R7-2
Added Pin To Net: NetName=JTRST Pin=U1-134
Added Net: Name=JTRST
Added Pin To Net: NetName=KEY0 Pin=KEY0-2
Added Pin To Net: NetName=KEY0 Pin=KEY0-2
Added Pin To Net: NetName=KEY0 Pin=U1-1
Added Net: Name=KEY0
Added Pin To Net: NetName=KEY1 Pin=KEY1-2
Added Pin To Net: NetName=KEY1 Pin=KEY1-2
Added Pin To Net: NetName=KEY1 Pin=U1-2
Added Net: Name=KEY1
Added Pin To Net: NetName=LCD_BL Pin=LCD-23
Added Pin To Net: NetName=LCD_BL Pin=U1-46
Added Net: Name=LCD_BL
Added Pin To Net: NetName=LED1 Pin=DS1-K
Added Net: Name=LED1
Added Pin To Net: NetName=LED_SERIAL Pin=R19-2
Added Pin To Net: NetName=LED_SERIAL Pin=U1-42
Added Net: Name=LED_SERIAL
Added Pin To Net: NetName=NetBAT1_1 Pin=BAT1-1
Added Pin To Net: NetName=NetBAT1_1 Pin=C11-2
Added Pin To Net: NetName=NetBAT1_1 Pin=D3-1
Added Net: Name=NetBAT1_1
Added Pin To Net: NetName=NetC3_1 Pin=C3-1
Added Pin To Net: NetName=NetC3_1 Pin=U8-4
Added Net: Name=NetC3_1
Added Pin To Net: NetName=NetC5_2 Pin=C5-2
Added Pin To Net: NetName=NetC5_2 Pin=U8-7
Added Pin To Net: NetName=NetC5_2 Pin=Y?-2
Added Net: Name=NetC5_2
Added Pin To Net: NetName=NetC9_2 Pin=C9-2
Added Pin To Net: NetName=NetC9_2 Pin=R14-1
Added Pin To Net: NetName=NetC9_2 Pin=U1-24
Added Pin To Net: NetName=NetC9_2 Pin=Y1-1
Added Net: Name=NetC9_2
Added Pin To Net: NetName=NetC10_2 Pin=C10-2
Added Pin To Net: NetName=NetC10_2 Pin=R14-2
Added Pin To Net: NetName=NetC10_2 Pin=U1-23
Added Pin To Net: NetName=NetC10_2 Pin=Y1-2
Added Net: Name=NetC10_2
Added Pin To Net: NetName=NetC23_2 Pin=C23-2
Added Pin To Net: NetName=NetC23_2 Pin=U1-8
Added Pin To Net: NetName=NetC23_2 Pin=Y2-1
Added Net: Name=NetC23_2
Added Pin To Net: NetName=NetC24_2 Pin=C24-2
Added Pin To Net: NetName=NetC24_2 Pin=U1-9
Added Pin To Net: NetName=NetC24_2 Pin=Y2-2
Added Net: Name=NetC24_2
Added Pin To Net: NetName=NetC45_2 Pin=C45-2
Added Pin To Net: NetName=NetC45_2 Pin=R41-2
Added Pin To Net: NetName=NetC45_2 Pin=R42-2
Added Pin To Net: NetName=NetC45_2 Pin=U7-8
Added Net: Name=NetC45_2
Added Pin To Net: NetName=NetD1_2 Pin=D1-2
Added Pin To Net: NetName=NetD1_2 Pin=Q1-3
Added Pin To Net: NetName=NetD1_2 Pin=R1-1
Added Net: Name=NetD1_2
Added Pin To Net: NetName=NetD2_2 Pin=D2-2
Added Pin To Net: NetName=NetD2_2 Pin=D3-2
Added Pin To Net: NetName=NetD2_2 Pin=U1-6
Added Net: Name=NetD2_2
Added Pin To Net: NetName=NetD5_K Pin=D5-K
Added Pin To Net: NetName=NetD5_K Pin=R16-1
Added Net: Name=NetD5_K
Added Pin To Net: NetName=NetD6_K Pin=D6-K
Added Pin To Net: NetName=NetD6_K Pin=R17-1
Added Net: Name=NetD6_K
Added Pin To Net: NetName=NetD7_K Pin=D7-K
Added Pin To Net: NetName=NetD7_K Pin=R18-1
Added Net: Name=NetD7_K
Added Pin To Net: NetName=NetD8_K Pin=D8-K
Added Pin To Net: NetName=NetD8_K Pin=R19-1
Added Net: Name=NetD8_K
Added Pin To Net: NetName=NetD12_K Pin=D12-K
Added Pin To Net: NetName=NetD12_K Pin=L1-2
Added Pin To Net: NetName=NetD12_K Pin=LM2-2
Added Net: Name=NetD12_K
Added Pin To Net: NetName=NetDS1_A Pin=DS1-A
Added Pin To Net: NetName=NetDS1_A Pin=R23-1
Added Net: Name=NetDS1_A
Added Pin To Net: NetName=NetDS2_A Pin=DS2-A
Added Pin To Net: NetName=NetDS2_A Pin=R24-1
Added Net: Name=NetDS2_A
Added Pin To Net: NetName=NetJUMP1_1 Pin=JUMP1-1
Added Pin To Net: NetName=NetJUMP1_1 Pin=R20-1
Added Pin To Net: NetName=NetJUMP1_1 Pin=U6-10
Added Net: Name=NetJUMP1_1
Added Pin To Net: NetName=NetP3_1 Pin=P3-1
Added Pin To Net: NetName=NetP3_1 Pin=R34-1
Added Pin To Net: NetName=NetP3_1 Pin=R35-1
Added Pin To Net: NetName=NetP3_1 Pin=U2-2
Added Net: Name=NetP3_1
Added Pin To Net: NetName=NetP3_2 Pin=P3-2
Added Pin To Net: NetName=NetP3_2 Pin=R36-2
Added Pin To Net: NetName=NetP3_2 Pin=U2-1
Added Net: Name=NetP3_2
Added Pin To Net: NetName=Netp6_CATHODE Pin=R28-2
Added Pin To Net: NetName=Netp6_CATHODE Pin=R29-2
Added Pin To Net: NetName=Netp6_CATHODE Pin=R30-2
Added Pin To Net: NetName=Netp6_CATHODE Pin=VR1-1
Added Net: Name=Netp6_CATHODE
Added Pin To Net: NetName=Netp6_REF Pin=VR1-3
Added Net: Name=Netp6_REF
Added Pin To Net: NetName=NetP7_CATHODE Pin=R33-2
Added Pin To Net: NetName=NetP7_CATHODE Pin=U2-3
Added Pin To Net: NetName=NetP7_CATHODE Pin=VR3-1
Added Net: Name=NetP7_CATHODE
Added Pin To Net: NetName=NetP7_REF Pin=VR3-3
Added Net: Name=NetP7_REF
Added Pin To Net: NetName=NetP8_REF Pin=VR4-3
Added Net: Name=NetP8_REF
Added Pin To Net: NetName=NetP10_2 Pin=P10-2
Added Pin To Net: NetName=NetP10_2 Pin=U9-5
Added Pin To Net: NetName=NetP10_2 Pin=U9-6
Added Pin To Net: NetName=NetP10_2 Pin=U9-7
Added Pin To Net: NetName=NetP10_2 Pin=U9-8
Added Pin To Net: NetName=NetP10_2 Pin=U10-5
Added Pin To Net: NetName=NetP10_2 Pin=U10-6
Added Pin To Net: NetName=NetP10_2 Pin=U10-7
Added Pin To Net: NetName=NetP10_2 Pin=U10-8
Added Net: Name=NetP10_2
Added Pin To Net: NetName=NetQ1_1 Pin=Q1-1
Added Pin To Net: NetName=NetQ1_1 Pin=R3-2
Added Pin To Net: NetName=NetQ1_1 Pin=U8-14
Added Net: Name=NetQ1_1
Added Pin To Net: NetName=NetQ1_2 Pin=Q1-2
Added Pin To Net: NetName=NetQ1_2 Pin=R2-1
Added Net: Name=NetQ1_2
Added Pin To Net: NetName=NetQ2_2 Pin=Q2-2
Added Pin To Net: NetName=NetQ2_2 Pin=R3-1
Added Net: Name=NetQ2_2
Added Pin To Net: NetName=NetQ2_3 Pin=Q2-3
Added Pin To Net: NetName=NetQ2_3 Pin=R4-2
Added Net: Name=NetQ2_3
Added Pin To Net: NetName=NetR2_2 Pin=R2-2
Added Pin To Net: NetName=NetR2_2 Pin=U8-13
Added Net: Name=NetR2_2
Added Pin To Net: NetName=NetR25_2 Pin=R25-2
Added Pin To Net: NetName=NetR25_2 Pin=R27-2
Added Pin To Net: NetName=NetR25_2 Pin=U3-3
Added Net: Name=NetR25_2
Added Pin To Net: NetName=NetR26_1 Pin=R26-1
Added Pin To Net: NetName=NetR26_1 Pin=R28-1
Added Pin To Net: NetName=NetR26_1 Pin=VR2-2
Added Pin To Net: NetName=NetR26_1 Pin=VR2-3
Added Net: Name=NetR26_1
Added Pin To Net: NetName=NetR26_2 Pin=R26-2
Added Pin To Net: NetName=NetR26_2 Pin=R32-1
Added Pin To Net: NetName=NetR26_2 Pin=U3-2
Added Net: Name=NetR26_2
Added Pin To Net: NetName=NetR31_1 Pin=R31-1
Added Pin To Net: NetName=NetR31_1 Pin=R32-2
Added Pin To Net: NetName=NetR31_1 Pin=U3-1
Added Net: Name=NetR31_1
Added Pin To Net: NetName=NetR35_2 Pin=R35-2
Added Pin To Net: NetName=NetR35_2 Pin=R38-2
Added Pin To Net: NetName=NetR35_2 Pin=U2-6
Added Net: Name=NetR35_2
Added Pin To Net: NetName=NetR36_1 Pin=R36-1
Added Pin To Net: NetName=NetR36_1 Pin=R37-2
Added Pin To Net: NetName=NetR36_1 Pin=U2-5
Added Net: Name=NetR36_1
Added Pin To Net: NetName=NetR38_1 Pin=R38-1
Added Pin To Net: NetName=NetR38_1 Pin=R39-2
Added Pin To Net: NetName=NetR38_1 Pin=U2-7
Added Net: Name=NetR38_1
Added Pin To Net: NetName=NetU8_8 Pin=U8-8
Added Pin To Net: NetName=NetU8_8 Pin=Y?-1
Added Net: Name=NetU8_8
Added Pin To Net: NetName=OLED_CS Pin=P4-4
Added Pin To Net: NetName=OLED_CS Pin=U1-122
Added Net: Name=OLED_CS
Added Pin To Net: NetName=OLED_DC Pin=P4-3
Added Pin To Net: NetName=OLED_DC Pin=U1-117
Added Net: Name=OLED_DC
Added Pin To Net: NetName=OLED_RD Pin=P4-5
Added Pin To Net: NetName=OLED_RD Pin=U1-128
Added Net: Name=OLED_RD
Added Pin To Net: NetName=OLED_RST Pin=P4-8
Added Pin To Net: NetName=OLED_RST Pin=U1-132
Added Net: Name=OLED_RST
Added Pin To Net: NetName=OLED_RW Pin=P4-6
Added Pin To Net: NetName=OLED_RW Pin=U1-129
Added Net: Name=OLED_RW
Added Pin To Net: NetName=OV D0 Pin=P4-7
Added Pin To Net: NetName=OV D0 Pin=U1-26
Added Net: Name=OV D0
Added Pin To Net: NetName=OV D1 Pin=P4-10
Added Pin To Net: NetName=OV D1 Pin=U1-27
Added Net: Name=OV D1
Added Pin To Net: NetName=OV D2 Pin=P4-9
Added Pin To Net: NetName=OV D2 Pin=U1-28
Added Net: Name=OV D2
Added Pin To Net: NetName=OV D3 Pin=P4-12
Added Pin To Net: NetName=OV D3 Pin=U1-29
Added Net: Name=OV D3
Added Pin To Net: NetName=OV D4 Pin=P4-11
Added Pin To Net: NetName=OV D4 Pin=U1-44
Added Net: Name=OV D4
Added Pin To Net: NetName=OV D5 Pin=P4-14
Added Pin To Net: NetName=OV D5 Pin=U1-45
Added Net: Name=OV D5
Added Pin To Net: NetName=OV D6 Pin=P4-13
Added Pin To Net: NetName=OV D6 Pin=U1-96
Added Net: Name=OV D6
Added Pin To Net: NetName=OV D7 Pin=P4-16
Added Pin To Net: NetName=OV D7 Pin=U1-97
Added Net: Name=OV D7
Added Pin To Net: NetName=PT100_ADC1 Pin=C26-2
Added Pin To Net: NetName=PT100_ADC1 Pin=D4-K
Added Pin To Net: NetName=PT100_ADC1 Pin=R31-2
Added Pin To Net: NetName=PT100_ADC1 Pin=U1-40
Added Net: Name=PT100_ADC1
Added Pin To Net: NetName=PT100_ADC2 Pin=C28-2
Added Pin To Net: NetName=PT100_ADC2 Pin=R39-1
Added Pin To Net: NetName=PT100_ADC2 Pin=U1-35
Added Net: Name=PT100_ADC2
Added Pin To Net: NetName=PT PIN1 Pin=P2-3
Added Pin To Net: NetName=PT PIN1 Pin=R25-1
Added Pin To Net: NetName=PT PIN1 Pin=R29-1
Added Net: Name=PT PIN1
Added Pin To Net: NetName=PT PIN2 Pin=P2-2
Added Pin To Net: NetName=PT PIN2 Pin=VR2-1
Added Net: Name=PT PIN2
Added Pin To Net: NetName=PWM IN Pin=P9-4
Added Pin To Net: NetName=PWM IN Pin=U1-135
Added Net: Name=PWM IN
Added Pin To Net: NetName=RESET Pin=C6-1
Added Pin To Net: NetName=RESET Pin=D1-1
Added Pin To Net: NetName=RESET Pin=JTAG-15
Added Pin To Net: NetName=RESET Pin=LCD-5
Added Pin To Net: NetName=RESET Pin=R12-1
Added Pin To Net: NetName=RESET Pin=RESET-1
Added Pin To Net: NetName=RESET Pin=RESET-1
Added Pin To Net: NetName=RESET Pin=U1-25
Added Net: Name=RESET
Added Pin To Net: NetName=RXD2 Pin=U1-37
Added Pin To Net: NetName=RXD2 Pin=U6-3
Added Net: Name=RXD2
Added Pin To Net: NetName=RXD Pin=U1-102
Added Pin To Net: NetName=RXD Pin=U8-3
Added Net: Name=RXD
Added Pin To Net: NetName=T_CS Pin=LCD-33
Added Pin To Net: NetName=T_CS Pin=U1-49
Added Net: Name=T_CS
Added Pin To Net: NetName=T_MOSI Pin=LCD-30
Added Pin To Net: NetName=T_MOSI Pin=U1-21
Added Net: Name=T_MOSI
Added Pin To Net: NetName=T_PEN Pin=LCD-31
Added Pin To Net: NetName=T_PEN Pin=U1-22
Added Net: Name=T_PEN
Added Pin To Net: NetName=T_SCK Pin=LCD-34
Added Pin To Net: NetName=T_SCK Pin=U1-47
Added Net: Name=T_SCK
Added Pin To Net: NetName=TXD2 Pin=U1-36
Added Pin To Net: NetName=TXD2 Pin=U6-4
Added Net: Name=TXD2
Added Pin To Net: NetName=TXD Pin=U1-101
Added Pin To Net: NetName=TXD Pin=U8-2
Added Net: Name=TXD
Added Pin To Net: NetName=VCC3.3M Pin=D2-1
Added Pin To Net: NetName=VCC3.3M Pin=U1-17
Added Pin To Net: NetName=VCC3.3M Pin=U1-39
Added Pin To Net: NetName=VCC3.3M Pin=U1-52
Added Pin To Net: NetName=VCC3.3M Pin=U1-62
Added Pin To Net: NetName=VCC3.3M Pin=U1-72
Added Pin To Net: NetName=VCC3.3M Pin=U1-84
Added Pin To Net: NetName=VCC3.3M Pin=U1-95
Added Pin To Net: NetName=VCC3.3M Pin=U1-108
Added Pin To Net: NetName=VCC3.3M Pin=U1-121
Added Pin To Net: NetName=VCC3.3M Pin=U1-131
Added Pin To Net: NetName=VCC3.3M Pin=U1-144
Added Net: Name=VCC3.3M
Added Pin To Net: NetName=VCC3.3 Pin=C12-2
Added Pin To Net: NetName=VCC3.3 Pin=C13-2
Added Pin To Net: NetName=VCC3.3 Pin=C16-A
Added Pin To Net: NetName=VCC3.3 Pin=C21-1
Added Pin To Net: NetName=VCC3.3 Pin=C34-2
Added Pin To Net: NetName=VCC3.3 Pin=C35-2
Added Pin To Net: NetName=VCC3.3 Pin=C36-2
Added Pin To Net: NetName=VCC3.3 Pin=C37-2
Added Pin To Net: NetName=VCC3.3 Pin=C38-2
Added Pin To Net: NetName=VCC3.3 Pin=C39-2
Added Pin To Net: NetName=VCC3.3 Pin=C40-2
Added Pin To Net: NetName=VCC3.3 Pin=C41-2
Added Pin To Net: NetName=VCC3.3 Pin=C42-2
Added Pin To Net: NetName=VCC3.3 Pin=C43-2
Added Pin To Net: NetName=VCC3.3 Pin=C44-2
Added Pin To Net: NetName=VCC3.3 Pin=D5-A
Added Pin To Net: NetName=VCC3.3 Pin=D6-A
Added Pin To Net: NetName=VCC3.3 Pin=D7-A
Added Pin To Net: NetName=VCC3.3 Pin=D8-A
Added Pin To Net: NetName=VCC3.3 Pin=JTAG-1
Added Pin To Net: NetName=VCC3.3 Pin=JTAG-2
Added Pin To Net: NetName=VCC3.3 Pin=LCD-24
Added Pin To Net: NetName=VCC3.3 Pin=LCD-25
Added Pin To Net: NetName=VCC3.3 Pin=P4-2
Added Pin To Net: NetName=VCC3.3 Pin=Q2-1
Added Pin To Net: NetName=VCC3.3 Pin=R1-2
Added Pin To Net: NetName=VCC3.3 Pin=R7-1
Added Pin To Net: NetName=VCC3.3 Pin=R8-1
Added Pin To Net: NetName=VCC3.3 Pin=R9-1
Added Pin To Net: NetName=VCC3.3 Pin=R11-1
Added Pin To Net: NetName=VCC3.3 Pin=R12-2
Added Pin To Net: NetName=VCC3.3 Pin=R13-2
Added Pin To Net: NetName=VCC3.3 Pin=R15-2
Added Pin To Net: NetName=VCC3.3 Pin=R20-2
Added Pin To Net: NetName=VCC3.3 Pin=R23-2
Added Pin To Net: NetName=VCC3.3 Pin=R24-2
Added Pin To Net: NetName=VCC3.3 Pin=U4-11
Added Pin To Net: NetName=VCC3.3 Pin=U4-33
Added Pin To Net: NetName=VCC3.3 Pin=U5-2
Added Pin To Net: NetName=VCC3.3 Pin=U5-2
Added Pin To Net: NetName=VCC3.3 Pin=U6-2
Added Net: Name=VCC3.3
Added Pin To Net: NetName=VCC5 Pin=C1-2
Added Pin To Net: NetName=VCC5 Pin=C2-2
Added Pin To Net: NetName=VCC5 Pin=C14-2
Added Pin To Net: NetName=VCC5 Pin=C15-A
Added Pin To Net: NetName=VCC5 Pin=C22-1
Added Pin To Net: NetName=VCC5 Pin=C25-1
Added Pin To Net: NetName=VCC5 Pin=C27-1
Added Pin To Net: NetName=VCC5 Pin=C31-A
Added Pin To Net: NetName=VCC5 Pin=C32-1
Added Pin To Net: NetName=VCC5 Pin=K2-2
Added Pin To Net: NetName=VCC5 Pin=L1-1
Added Pin To Net: NetName=VCC5 Pin=LCD-28
Added Pin To Net: NetName=VCC5 Pin=LM2-4
Added Pin To Net: NetName=VCC5 Pin=R30-1
Added Pin To Net: NetName=VCC5 Pin=R33-1
Added Pin To Net: NetName=VCC5 Pin=R43-1
Added Pin To Net: NetName=VCC5 Pin=U2-8
Added Pin To Net: NetName=VCC5 Pin=U3-4
Added Pin To Net: NetName=VCC5 Pin=U5-3
Added Pin To Net: NetName=VCC5 Pin=U8-16
Added Pin To Net: NetName=VCC5 Pin=USB_232-1
Added Net: Name=VCC5
Added Pin To Net: NetName=VCC5V Pin=C46-A
Added Pin To Net: NetName=VCC5V Pin=C47-2
Added Pin To Net: NetName=VCC5V Pin=P9-2
Added Net: Name=VCC5V
Added Pin To Net: NetName=VDDA Pin=C7-2
Added Pin To Net: NetName=VDDA Pin=C8-1
Added Pin To Net: NetName=VDDA Pin=R13-1
Added Pin To Net: NetName=VDDA Pin=U1-33
Added Net: Name=VDDA
Added Pin To Net: NetName=VREF+ Pin=C33-2
Added Pin To Net: NetName=VREF+ Pin=R43-2
Added Pin To Net: NetName=VREF+ Pin=U1-32
Added Pin To Net: NetName=VREF+ Pin=VR4-1
Added Net: Name=VREF+
Added Pin To Net: NetName=WIFI_LINK Pin=R17-2
Added Pin To Net: NetName=WIFI_LINK Pin=U1-100
Added Pin To Net: NetName=WIFI_LINK Pin=U6-8
Added Net: Name=WIFI_LINK
Added Pin To Net: NetName=WIFI_READY Pin=R18-2
Added Pin To Net: NetName=WIFI_READY Pin=U1-41
Added Pin To Net: NetName=WIFI_READY Pin=U6-9
Added Net: Name=WIFI_READY
Added Pin To Net: NetName=WIFI_RESET Pin=U1-43
Added Pin To Net: NetName=WIFI_RESET Pin=U6-7
Added Net: Name=WIFI_RESET
Added Class: Name=Sheet2
Added Room: Name=Sheet2
