Removed Pin From Net: NetName=TXD Pin=U1-101
Removed Pin From Net: NetName=RXD Pin=U1-102
Removed Pin From Net: NetName=CH340 D+ Pin=USB_232-2
Removed Pin From Net: NetName=CH340 D- Pin=USB_232-3
Added Component: Designator=C47(0805)
Added Component: Designator=P4(HDR2X8)
Added Component: Designator=Q3(SOT-23R)
Added Component: Designator=Q4(SOT-23R)
Added Component: Designator=Q5(SOT-23R)
Added Component: Designator=Q6(SOT-23R)
Added Component: Designator=Q7(SOT-23R)
Added Component: Designator=Q8(LC-TO-263-2)
Added Component: Designator=R40(0805)
Added Component: Designator=R43(0805)
Added Component: Designator=R44(0805)
Added Component: Designator=R45(0805)
Added Component: Designator=R46(0805)
Added Component: Designator=R47(0805)
Added Pin To Net: NetName=GND Pin=P4-1
Added Pin To Net: NetName=VCC3.3 Pin=P4-2
Added Pin To Net: NetName=OLED_DC Pin=P4-3
Added Pin To Net: NetName=OLED_CS Pin=P4-4
Added Pin To Net: NetName=OLED_RD Pin=P4-5
Added Pin To Net: NetName=OLED_RW Pin=P4-6
Added Pin To Net: NetName=OV D0 Pin=P4-7
Added Pin To Net: NetName=OLED_RST Pin=P4-8
Added Pin To Net: NetName=OV D2 Pin=P4-9
Added Pin To Net: NetName=OV D1 Pin=P4-10
Added Pin To Net: NetName=OV D4 Pin=P4-11
Added Pin To Net: NetName=OV D3 Pin=P4-12
Added Pin To Net: NetName=OV D6 Pin=P4-13
Added Pin To Net: NetName=OV D5 Pin=P4-14
Added Pin To Net: NetName=OV D7 Pin=P4-16
Added Pin To Net: NetName=GATE Pin=Q3-3
Added Pin To Net: NetName=GND Pin=Q5-1
Added Pin To Net: NetName=24V Pin=Q6-1
Added Pin To Net: NetName=GATE Pin=Q6-2
Added Pin To Net: NetName=GND Pin=Q7-1
Added Pin To Net: NetName=NetP10_2 Pin=Q8-2
Added Pin To Net: NetName=GND Pin=Q8-3
Added Pin To Net: NetName=PWM IN Pin=R40-1
Added Pin To Net: NetName=VCC3.3 Pin=R43-2
Added Pin To Net: NetName=GND Pin=R44-1
Added Pin To Net: NetName=GND Pin=R47-1
Added Pin To Net: NetName=RXD Pin=U1-101
Added Pin To Net: NetName=TXD Pin=U1-102
Added Pin To Net: NetName=CH340 D- Pin=USB_232-2
Added Pin To Net: NetName=CH340 D+ Pin=USB_232-3
Change Net Name : Old Net Name=GATE New Net Name=NetQ3_3
Added Pin To Net: NetName=NetC47_1 Pin=C47-1
Added Pin To Net: NetName=NetC47_1 Pin=Q5-3
Added Pin To Net: NetName=NetC47_1 Pin=Q6-3
Added Pin To Net: NetName=NetC47_1 Pin=R45-2
Added Net: Name=NetC47_1
Added Pin To Net: NetName=NetC47_2 Pin=C47-2
Added Pin To Net: NetName=NetC47_2 Pin=Q8-1
Added Pin To Net: NetName=NetC47_2 Pin=R45-1
Added Pin To Net: NetName=NetC47_2 Pin=R46-2
Added Net: Name=NetC47_2
Added Pin To Net: NetName=NetQ3_1 Pin=Q3-1
Added Pin To Net: NetName=NetQ3_1 Pin=Q4-1
Added Pin To Net: NetName=NetQ3_1 Pin=R40-2
Added Net: Name=NetQ3_1
Added Pin To Net: NetName=NetQ3_2 Pin=Q3-2
Added Pin To Net: NetName=NetQ3_2 Pin=Q4-2
Added Pin To Net: NetName=NetQ3_2 Pin=Q7-3
Added Pin To Net: NetName=NetQ3_2 Pin=R44-2
Added Net: Name=NetQ3_2
Added Pin To Net: NetName=NetQ4_3 Pin=Q4-3
Added Pin To Net: NetName=NetQ4_3 Pin=Q5-2
Added Net: Name=NetQ4_3
Added Pin To Net: NetName=NetQ7_2 Pin=Q7-2
Added Pin To Net: NetName=NetQ7_2 Pin=R46-1
Added Pin To Net: NetName=NetQ7_2 Pin=R47-2
Added Net: Name=NetQ7_2
Added Member To Class: ClassName=Sheet2 Member=Component C47 104
Added Member To Class: ClassName=Sheet2 Member=Component P4 OLED
Added Member To Class: ClassName=Sheet2 Member=Component Q3 2N5551
Added Member To Class: ClassName=Sheet2 Member=Component Q4 2N5401
Added Member To Class: ClassName=Sheet2 Member=Component Q5 2N5551
Added Member To Class: ClassName=Sheet2 Member=Component Q6 2N5401
Added Member To Class: ClassName=Sheet2 Member=Component Q7 2N5551
Added Member To Class: ClassName=Sheet2 Member=Component Q8 NMOS-2
Added Member To Class: ClassName=Sheet2 Member=Component R40 1K
Added Member To Class: ClassName=Sheet2 Member=Component R43 10K
Added Member To Class: ClassName=Sheet2 Member=Component R44 10K
Added Member To Class: ClassName=Sheet2 Member=Component R45 10
Added Member To Class: ClassName=Sheet2 Member=Component R46 10K
Added Member To Class: ClassName=Sheet2 Member=Component R47 10K
Added Room: Name=Sheet2
